<?xml version="1.0" encoding="UTF-8"?>
<!-- Generated by org.testng.reporters.JUnitReportReporter -->
<testsuite skipped="0" hostname="DESKTOP-PSRGG09" name="deliveree.pretest.users.Level_01_Search_With_Google" tests="2" failures="0" timestamp="30 Oct 2020 09:10:18 GMT" time="5.437" errors="0">
  <testcase name="TC_01_Search_With_Value" time="2.789" classname="deliveree.pretest.users.Level_01_Search_With_Google"/>
  <testcase name="TC_01_Search_With_Value" time="2.648" classname="deliveree.pretest.users.Level_01_Search_With_Google"/>
</testsuite> <!-- deliveree.pretest.users.Level_01_Search_With_Google -->
